INFO:root:Total Parameters: 558336
INFO:root:Number of Trainable Parameters: 558336
INFO:root:Starting Test Loss: tensor(0.1497, device='cuda:0')
INFO:root:Epoch:   0
INFO:root:Loss L1 Img: tensor(0.0590, device='cuda:0', grad_fn=<MeanBackward0>)
INFO:root:Last LR: 0.0004
INFO:root:Eval Epoch: 0
INFO:root:Test Loss:  tensor(0.0466, device='cuda:0')
INFO:root:-----------------New Best----------------
INFO:root:Epoch:   1
INFO:root:Loss L1 Img: tensor(0.0264, device='cuda:0', grad_fn=<MeanBackward0>)
INFO:root:Last LR: 0.0004
INFO:root:Epoch:   2
INFO:root:Loss L1 Img: tensor(0.0387, device='cuda:0', grad_fn=<MeanBackward0>)
INFO:root:Last LR: 0.0004
INFO:root:Epoch:   3
INFO:root:Loss L1 Img: tensor(0.0282, device='cuda:0', grad_fn=<MeanBackward0>)
INFO:root:Last LR: 0.0004
INFO:root:Epoch:   4
INFO:root:Loss L1 Img: tensor(0.0300, device='cuda:0', grad_fn=<MeanBackward0>)
INFO:root:Last LR: 0.0004
INFO:root:Epoch:   5
INFO:root:Loss L1 Img: tensor(0.0391, device='cuda:0', grad_fn=<MeanBackward0>)
INFO:root:Last LR: 0.0004
INFO:root:Epoch:   6
INFO:root:Loss L1 Img: tensor(0.0242, device='cuda:0', grad_fn=<MeanBackward0>)
INFO:root:Last LR: 0.0004
INFO:root:Epoch:   7
INFO:root:Loss L1 Img: tensor(0.0279, device='cuda:0', grad_fn=<MeanBackward0>)
INFO:root:Last LR: 0.0004
INFO:root:Epoch:   8
INFO:root:Loss L1 Img: tensor(0.0255, device='cuda:0', grad_fn=<MeanBackward0>)
INFO:root:Last LR: 0.0004
INFO:root:Epoch:   9
INFO:root:Loss L1 Img: tensor(0.0301, device='cuda:0', grad_fn=<MeanBackward0>)
INFO:root:Last LR: 0.0004
INFO:root:Epoch:   10
INFO:root:Loss L1 Img: tensor(0.0271, device='cuda:0', grad_fn=<MeanBackward0>)
INFO:root:Last LR: 0.0004
INFO:root:Epoch:   11
INFO:root:Loss L1 Img: tensor(0.0215, device='cuda:0', grad_fn=<MeanBackward0>)
INFO:root:Last LR: 0.0004
INFO:root:Epoch:   12
INFO:root:Loss L1 Img: tensor(0.0212, device='cuda:0', grad_fn=<MeanBackward0>)
INFO:root:Last LR: 0.0004
INFO:root:Epoch:   13
INFO:root:Loss L1 Img: tensor(0.0351, device='cuda:0', grad_fn=<MeanBackward0>)
INFO:root:Last LR: 0.0004
INFO:root:Epoch:   14
INFO:root:Loss L1 Img: tensor(0.0347, device='cuda:0', grad_fn=<MeanBackward0>)
INFO:root:Last LR: 0.0004
INFO:root:Epoch:   15
INFO:root:Loss L1 Img: tensor(0.0487, device='cuda:0', grad_fn=<MeanBackward0>)
INFO:root:Last LR: 0.0004
INFO:root:Epoch:   16
INFO:root:Loss L1 Img: tensor(0.0250, device='cuda:0', grad_fn=<MeanBackward0>)
INFO:root:Last LR: 0.0004
INFO:root:Epoch:   17
INFO:root:Loss L1 Img: tensor(0.0282, device='cuda:0', grad_fn=<MeanBackward0>)
INFO:root:Last LR: 0.0004
INFO:root:Epoch:   18
INFO:root:Loss L1 Img: tensor(0.0213, device='cuda:0', grad_fn=<MeanBackward0>)
INFO:root:Last LR: 0.0004
INFO:root:Epoch:   19
INFO:root:Loss L1 Img: tensor(0.0234, device='cuda:0', grad_fn=<MeanBackward0>)
INFO:root:Last LR: 0.0004
INFO:root:Epoch:   20
INFO:root:Loss L1 Img: tensor(0.0265, device='cuda:0', grad_fn=<MeanBackward0>)
INFO:root:Last LR: 0.0004
INFO:root:Epoch:   21
INFO:root:Loss L1 Img: tensor(0.0342, device='cuda:0', grad_fn=<MeanBackward0>)
INFO:root:Last LR: 0.0004
INFO:root:Epoch:   22
INFO:root:Loss L1 Img: tensor(0.0416, device='cuda:0', grad_fn=<MeanBackward0>)
INFO:root:Last LR: 0.0004
INFO:root:Epoch:   23
INFO:root:Loss L1 Img: tensor(0.0186, device='cuda:0', grad_fn=<MeanBackward0>)
INFO:root:Last LR: 0.0004
INFO:root:Epoch:   24
INFO:root:Loss L1 Img: tensor(0.0226, device='cuda:0', grad_fn=<MeanBackward0>)
INFO:root:Last LR: 0.0004
INFO:root:Epoch:   25
INFO:root:Loss L1 Img: tensor(0.0266, device='cuda:0', grad_fn=<MeanBackward0>)
INFO:root:Last LR: 0.0004
INFO:root:Eval Epoch: 25
INFO:root:Test Loss:  tensor(0.0193, device='cuda:0')
INFO:root:-----------------New Best----------------
INFO:root:Epoch:   26
INFO:root:Loss L1 Img: tensor(0.0418, device='cuda:0', grad_fn=<MeanBackward0>)
INFO:root:Last LR: 0.0004
INFO:root:Epoch:   27
INFO:root:Loss L1 Img: tensor(0.0205, device='cuda:0', grad_fn=<MeanBackward0>)
INFO:root:Last LR: 0.0004
INFO:root:Epoch:   28
INFO:root:Loss L1 Img: tensor(0.0317, device='cuda:0', grad_fn=<MeanBackward0>)
INFO:root:Last LR: 0.0004
INFO:root:Epoch:   29
INFO:root:Loss L1 Img: tensor(0.0242, device='cuda:0', grad_fn=<MeanBackward0>)
INFO:root:Last LR: 0.0004
INFO:root:Epoch:   30
INFO:root:Loss L1 Img: tensor(0.0231, device='cuda:0', grad_fn=<MeanBackward0>)
INFO:root:Last LR: 0.0004
INFO:root:Epoch:   31
INFO:root:Loss L1 Img: tensor(0.0333, device='cuda:0', grad_fn=<MeanBackward0>)
INFO:root:Last LR: 0.0004
INFO:root:Epoch:   32
INFO:root:Loss L1 Img: tensor(0.0181, device='cuda:0', grad_fn=<MeanBackward0>)
INFO:root:Last LR: 0.0004
INFO:root:Epoch:   33
INFO:root:Loss L1 Img: tensor(0.0253, device='cuda:0', grad_fn=<MeanBackward0>)
INFO:root:Last LR: 0.0004
INFO:root:Epoch:   34
INFO:root:Loss L1 Img: tensor(0.0228, device='cuda:0', grad_fn=<MeanBackward0>)
INFO:root:Last LR: 0.0004
INFO:root:Epoch:   35
INFO:root:Loss L1 Img: tensor(0.0184, device='cuda:0', grad_fn=<MeanBackward0>)
INFO:root:Last LR: 0.0004
INFO:root:Epoch:   36
INFO:root:Loss L1 Img: tensor(0.0233, device='cuda:0', grad_fn=<MeanBackward0>)
INFO:root:Last LR: 0.0004
INFO:root:Epoch:   37
INFO:root:Loss L1 Img: tensor(0.0266, device='cuda:0', grad_fn=<MeanBackward0>)
INFO:root:Last LR: 0.0004
INFO:root:Epoch:   38
INFO:root:Loss L1 Img: tensor(0.0242, device='cuda:0', grad_fn=<MeanBackward0>)
INFO:root:Last LR: 0.0004
INFO:root:Epoch:   39
INFO:root:Loss L1 Img: tensor(0.0194, device='cuda:0', grad_fn=<MeanBackward0>)
INFO:root:Last LR: 0.0004
INFO:root:Epoch:   40
INFO:root:Loss L1 Img: tensor(0.0224, device='cuda:0', grad_fn=<MeanBackward0>)
INFO:root:Last LR: 0.0004
INFO:root:Epoch:   41
INFO:root:Loss L1 Img: tensor(0.0183, device='cuda:0', grad_fn=<MeanBackward0>)
INFO:root:Last LR: 0.0004
INFO:root:Epoch:   42
INFO:root:Loss L1 Img: tensor(0.0174, device='cuda:0', grad_fn=<MeanBackward0>)
INFO:root:Last LR: 0.0004
INFO:root:Epoch:   43
INFO:root:Loss L1 Img: tensor(0.0237, device='cuda:0', grad_fn=<MeanBackward0>)
INFO:root:Last LR: 0.0004
INFO:root:Epoch:   44
INFO:root:Loss L1 Img: tensor(0.0241, device='cuda:0', grad_fn=<MeanBackward0>)
INFO:root:Last LR: 0.0004
INFO:root:Epoch:   45
INFO:root:Loss L1 Img: tensor(0.0224, device='cuda:0', grad_fn=<MeanBackward0>)
INFO:root:Last LR: 0.0004
INFO:root:Epoch:   46
INFO:root:Loss L1 Img: tensor(0.0202, device='cuda:0', grad_fn=<MeanBackward0>)
INFO:root:Last LR: 0.0004
INFO:root:Epoch:   47
INFO:root:Loss L1 Img: tensor(0.0210, device='cuda:0', grad_fn=<MeanBackward0>)
INFO:root:Last LR: 0.0004
INFO:root:Epoch:   48
INFO:root:Loss L1 Img: tensor(0.0217, device='cuda:0', grad_fn=<MeanBackward0>)
INFO:root:Last LR: 0.0004
INFO:root:Epoch:   49
INFO:root:Loss L1 Img: tensor(0.0184, device='cuda:0', grad_fn=<MeanBackward0>)
INFO:root:Last LR: 0.0004
INFO:root:Epoch:   50
INFO:root:Loss L1 Img: tensor(0.0160, device='cuda:0', grad_fn=<MeanBackward0>)
INFO:root:Last LR: 0.0004
INFO:root:Eval Epoch: 50
INFO:root:Test Loss:  tensor(0.0196, device='cuda:0')
INFO:root:Epoch:   51
INFO:root:Loss L1 Img: tensor(0.0243, device='cuda:0', grad_fn=<MeanBackward0>)
INFO:root:Last LR: 0.0004
INFO:root:Epoch:   52
INFO:root:Loss L1 Img: tensor(0.0285, device='cuda:0', grad_fn=<MeanBackward0>)
INFO:root:Last LR: 0.0004
INFO:root:Epoch:   53
INFO:root:Loss L1 Img: tensor(0.0200, device='cuda:0', grad_fn=<MeanBackward0>)
INFO:root:Last LR: 0.0004
INFO:root:Epoch:   54
INFO:root:Loss L1 Img: tensor(0.0176, device='cuda:0', grad_fn=<MeanBackward0>)
INFO:root:Last LR: 0.0004
INFO:root:Epoch:   55
INFO:root:Loss L1 Img: tensor(0.0251, device='cuda:0', grad_fn=<MeanBackward0>)
INFO:root:Last LR: 0.0004
INFO:root:Epoch:   56
INFO:root:Loss L1 Img: tensor(0.0214, device='cuda:0', grad_fn=<MeanBackward0>)
INFO:root:Last LR: 0.0004
INFO:root:Epoch:   57
INFO:root:Loss L1 Img: tensor(0.0324, device='cuda:0', grad_fn=<MeanBackward0>)
INFO:root:Last LR: 0.0004
INFO:root:Epoch:   58
INFO:root:Loss L1 Img: tensor(0.0244, device='cuda:0', grad_fn=<MeanBackward0>)
INFO:root:Last LR: 0.0004
INFO:root:Epoch:   59
INFO:root:Loss L1 Img: tensor(0.0304, device='cuda:0', grad_fn=<MeanBackward0>)
INFO:root:Last LR: 0.0004
INFO:root:Epoch:   60
INFO:root:Loss L1 Img: tensor(0.0208, device='cuda:0', grad_fn=<MeanBackward0>)
INFO:root:Last LR: 0.0004
INFO:root:Epoch:   61
INFO:root:Loss L1 Img: tensor(0.0142, device='cuda:0', grad_fn=<MeanBackward0>)
INFO:root:Last LR: 0.0004
INFO:root:Epoch:   62
INFO:root:Loss L1 Img: tensor(0.0200, device='cuda:0', grad_fn=<MeanBackward0>)
INFO:root:Last LR: 0.0004
INFO:root:Epoch:   63
INFO:root:Loss L1 Img: tensor(0.0213, device='cuda:0', grad_fn=<MeanBackward0>)
INFO:root:Last LR: 0.0004
INFO:root:Epoch:   64
INFO:root:Loss L1 Img: tensor(0.0194, device='cuda:0', grad_fn=<MeanBackward0>)
INFO:root:Last LR: 0.0004
INFO:root:Epoch:   65
INFO:root:Loss L1 Img: tensor(0.0257, device='cuda:0', grad_fn=<MeanBackward0>)
INFO:root:Last LR: 0.0004
INFO:root:Epoch:   66
INFO:root:Loss L1 Img: tensor(0.0196, device='cuda:0', grad_fn=<MeanBackward0>)
INFO:root:Last LR: 0.0004
INFO:root:Epoch:   67
INFO:root:Loss L1 Img: tensor(0.0203, device='cuda:0', grad_fn=<MeanBackward0>)
INFO:root:Last LR: 0.0004
INFO:root:Epoch:   68
INFO:root:Loss L1 Img: tensor(0.0239, device='cuda:0', grad_fn=<MeanBackward0>)
INFO:root:Last LR: 0.0004
INFO:root:Epoch:   69
INFO:root:Loss L1 Img: tensor(0.0194, device='cuda:0', grad_fn=<MeanBackward0>)
INFO:root:Last LR: 0.0004
INFO:root:Epoch:   70
INFO:root:Loss L1 Img: tensor(0.0265, device='cuda:0', grad_fn=<MeanBackward0>)
INFO:root:Last LR: 0.0004
INFO:root:Epoch:   71
INFO:root:Loss L1 Img: tensor(0.0170, device='cuda:0', grad_fn=<MeanBackward0>)
INFO:root:Last LR: 0.0004
INFO:root:Epoch:   72
INFO:root:Loss L1 Img: tensor(0.0268, device='cuda:0', grad_fn=<MeanBackward0>)
INFO:root:Last LR: 0.0004
INFO:root:Epoch:   73
INFO:root:Loss L1 Img: tensor(0.0217, device='cuda:0', grad_fn=<MeanBackward0>)
INFO:root:Last LR: 0.0004
INFO:root:Epoch:   74
INFO:root:Loss L1 Img: tensor(0.0165, device='cuda:0', grad_fn=<MeanBackward0>)
INFO:root:Last LR: 0.0004
INFO:root:Epoch:   75
INFO:root:Loss L1 Img: tensor(0.0149, device='cuda:0', grad_fn=<MeanBackward0>)
INFO:root:Last LR: 0.0002
INFO:root:Eval Epoch: 75
INFO:root:Test Loss:  tensor(0.0160, device='cuda:0')
INFO:root:-----------------New Best----------------
INFO:root:Epoch:   76
INFO:root:Loss L1 Img: tensor(0.0250, device='cuda:0', grad_fn=<MeanBackward0>)
INFO:root:Last LR: 0.0002
INFO:root:Epoch:   77
INFO:root:Loss L1 Img: tensor(0.0252, device='cuda:0', grad_fn=<MeanBackward0>)
INFO:root:Last LR: 0.0002
INFO:root:Epoch:   78
INFO:root:Loss L1 Img: tensor(0.0202, device='cuda:0', grad_fn=<MeanBackward0>)
INFO:root:Last LR: 0.0002
INFO:root:Epoch:   79
INFO:root:Loss L1 Img: tensor(0.0233, device='cuda:0', grad_fn=<MeanBackward0>)
INFO:root:Last LR: 0.0002
INFO:root:Epoch:   80
INFO:root:Loss L1 Img: tensor(0.0204, device='cuda:0', grad_fn=<MeanBackward0>)
INFO:root:Last LR: 0.0002
INFO:root:Epoch:   81
INFO:root:Loss L1 Img: tensor(0.0230, device='cuda:0', grad_fn=<MeanBackward0>)
INFO:root:Last LR: 0.0002
INFO:root:Epoch:   82
INFO:root:Loss L1 Img: tensor(0.0190, device='cuda:0', grad_fn=<MeanBackward0>)
INFO:root:Last LR: 0.0002
INFO:root:Epoch:   83
INFO:root:Loss L1 Img: tensor(0.0141, device='cuda:0', grad_fn=<MeanBackward0>)
INFO:root:Last LR: 0.0002
INFO:root:Epoch:   84
INFO:root:Loss L1 Img: tensor(0.0208, device='cuda:0', grad_fn=<MeanBackward0>)
INFO:root:Last LR: 0.0002
INFO:root:Epoch:   85
INFO:root:Loss L1 Img: tensor(0.0193, device='cuda:0', grad_fn=<MeanBackward0>)
INFO:root:Last LR: 0.0001
INFO:root:Epoch:   86
INFO:root:Loss L1 Img: tensor(0.0225, device='cuda:0', grad_fn=<MeanBackward0>)
INFO:root:Last LR: 0.0001
INFO:root:Epoch:   87
INFO:root:Loss L1 Img: tensor(0.0226, device='cuda:0', grad_fn=<MeanBackward0>)
INFO:root:Last LR: 0.0001
INFO:root:Epoch:   88
INFO:root:Loss L1 Img: tensor(0.0213, device='cuda:0', grad_fn=<MeanBackward0>)
INFO:root:Last LR: 0.0001
INFO:root:Epoch:   89
INFO:root:Loss L1 Img: tensor(0.0209, device='cuda:0', grad_fn=<MeanBackward0>)
INFO:root:Last LR: 0.0001
INFO:root:Epoch:   90
INFO:root:Loss L1 Img: tensor(0.0178, device='cuda:0', grad_fn=<MeanBackward0>)
INFO:root:Last LR: 0.0001
INFO:root:Epoch:   91
INFO:root:Loss L1 Img: tensor(0.0222, device='cuda:0', grad_fn=<MeanBackward0>)
INFO:root:Last LR: 0.0001
INFO:root:Epoch:   92
INFO:root:Loss L1 Img: tensor(0.0193, device='cuda:0', grad_fn=<MeanBackward0>)
INFO:root:Last LR: 0.0001
INFO:root:Epoch:   93
INFO:root:Loss L1 Img: tensor(0.0197, device='cuda:0', grad_fn=<MeanBackward0>)
INFO:root:Last LR: 0.0001
INFO:root:Epoch:   94
INFO:root:Loss L1 Img: tensor(0.0201, device='cuda:0', grad_fn=<MeanBackward0>)
INFO:root:Last LR: 0.0001
INFO:root:Epoch:   95
INFO:root:Loss L1 Img: tensor(0.0183, device='cuda:0', grad_fn=<MeanBackward0>)
INFO:root:Last LR: 0.0001
INFO:root:Epoch:   96
INFO:root:Loss L1 Img: tensor(0.0197, device='cuda:0', grad_fn=<MeanBackward0>)
INFO:root:Last LR: 0.0001
INFO:root:Epoch:   97
INFO:root:Loss L1 Img: tensor(0.0192, device='cuda:0', grad_fn=<MeanBackward0>)
INFO:root:Last LR: 0.0001
INFO:root:Epoch:   98
INFO:root:Loss L1 Img: tensor(0.0203, device='cuda:0', grad_fn=<MeanBackward0>)
INFO:root:Last LR: 0.0001
INFO:root:Epoch:   99
INFO:root:Loss L1 Img: tensor(0.0191, device='cuda:0', grad_fn=<MeanBackward0>)
INFO:root:Last LR: 0.0001
INFO:root:Epoch:   100
INFO:root:Loss L1 Img: tensor(0.0196, device='cuda:0', grad_fn=<MeanBackward0>)
INFO:root:Last LR: 0.0001
INFO:root:Eval Epoch: 100
INFO:root:Test Loss:  tensor(0.0157, device='cuda:0')
INFO:root:-----------------New Best----------------
