INFO:root:Total Parameters: 6272526
INFO:root:Number of Trainable Parameters: 6272526
INFO:root:Starting Test Loss: tensor(0.4156, device='cuda:0')
INFO:root:Epoch:   0
INFO:root:Loss TV Mask: tensor(0.0068, device='cuda:0', grad_fn=<MeanBackward1>)
INFO:root:Loss L1 Img: tensor(0.0344, device='cuda:0', grad_fn=<MeanBackward0>)
INFO:root:Last LR: 0.0004
INFO:root:Eval Epoch: 0
INFO:root:Test Loss:  tensor(0.0329, device='cuda:0')
INFO:root:-----------------New Best----------------
INFO:root:Epoch:   1
INFO:root:Loss TV Mask: tensor(0.0035, device='cuda:0', grad_fn=<MeanBackward1>)
INFO:root:Loss L1 Img: tensor(0.0248, device='cuda:0', grad_fn=<MeanBackward0>)
INFO:root:Last LR: 0.0004
INFO:root:Epoch:   2
INFO:root:Loss TV Mask: tensor(0.0017, device='cuda:0', grad_fn=<MeanBackward1>)
INFO:root:Loss L1 Img: tensor(0.0219, device='cuda:0', grad_fn=<MeanBackward0>)
INFO:root:Last LR: 0.0004
INFO:root:Epoch:   3
INFO:root:Loss TV Mask: tensor(0.0010, device='cuda:0', grad_fn=<MeanBackward1>)
INFO:root:Loss L1 Img: tensor(0.0234, device='cuda:0', grad_fn=<MeanBackward0>)
INFO:root:Last LR: 0.0004
INFO:root:Epoch:   4
INFO:root:Loss TV Mask: tensor(0.0010, device='cuda:0', grad_fn=<MeanBackward1>)
INFO:root:Loss L1 Img: tensor(0.0253, device='cuda:0', grad_fn=<MeanBackward0>)
INFO:root:Last LR: 0.0004
INFO:root:Epoch:   5
INFO:root:Loss TV Mask: tensor(0.0005, device='cuda:0', grad_fn=<MeanBackward1>)
INFO:root:Loss L1 Img: tensor(0.0260, device='cuda:0', grad_fn=<MeanBackward0>)
INFO:root:Last LR: 0.0004
INFO:root:Epoch:   6
INFO:root:Loss TV Mask: tensor(0.0003, device='cuda:0', grad_fn=<MeanBackward1>)
INFO:root:Loss L1 Img: tensor(0.0202, device='cuda:0', grad_fn=<MeanBackward0>)
INFO:root:Last LR: 0.0004
INFO:root:Epoch:   7
INFO:root:Loss TV Mask: tensor(0.0005, device='cuda:0', grad_fn=<MeanBackward1>)
INFO:root:Loss L1 Img: tensor(0.0183, device='cuda:0', grad_fn=<MeanBackward0>)
INFO:root:Last LR: 0.0004
INFO:root:Epoch:   8
INFO:root:Loss TV Mask: tensor(0.0002, device='cuda:0', grad_fn=<MeanBackward1>)
INFO:root:Loss L1 Img: tensor(0.0242, device='cuda:0', grad_fn=<MeanBackward0>)
INFO:root:Last LR: 0.0004
INFO:root:Epoch:   9
INFO:root:Loss TV Mask: tensor(0.0007, device='cuda:0', grad_fn=<MeanBackward1>)
INFO:root:Loss L1 Img: tensor(0.0241, device='cuda:0', grad_fn=<MeanBackward0>)
INFO:root:Last LR: 0.0004
INFO:root:Epoch:   10
INFO:root:Loss TV Mask: tensor(0.0003, device='cuda:0', grad_fn=<MeanBackward1>)
INFO:root:Loss L1 Img: tensor(0.0175, device='cuda:0', grad_fn=<MeanBackward0>)
INFO:root:Last LR: 0.0004
INFO:root:Epoch:   11
INFO:root:Loss TV Mask: tensor(0.0003, device='cuda:0', grad_fn=<MeanBackward1>)
INFO:root:Loss L1 Img: tensor(0.0193, device='cuda:0', grad_fn=<MeanBackward0>)
INFO:root:Last LR: 0.0004
INFO:root:Epoch:   12
INFO:root:Loss TV Mask: tensor(0.0003, device='cuda:0', grad_fn=<MeanBackward1>)
INFO:root:Loss L1 Img: tensor(0.0226, device='cuda:0', grad_fn=<MeanBackward0>)
INFO:root:Last LR: 0.0004
INFO:root:Epoch:   13
INFO:root:Loss TV Mask: tensor(0.0002, device='cuda:0', grad_fn=<MeanBackward1>)
INFO:root:Loss L1 Img: tensor(0.0199, device='cuda:0', grad_fn=<MeanBackward0>)
INFO:root:Last LR: 0.0004
INFO:root:Epoch:   14
INFO:root:Loss TV Mask: tensor(0.0002, device='cuda:0', grad_fn=<MeanBackward1>)
INFO:root:Loss L1 Img: tensor(0.0165, device='cuda:0', grad_fn=<MeanBackward0>)
INFO:root:Last LR: 0.0004
INFO:root:Epoch:   15
INFO:root:Loss TV Mask: tensor(0.0002, device='cuda:0', grad_fn=<MeanBackward1>)
INFO:root:Loss L1 Img: tensor(0.0191, device='cuda:0', grad_fn=<MeanBackward0>)
INFO:root:Last LR: 0.0004
INFO:root:Epoch:   16
INFO:root:Loss TV Mask: tensor(0.0002, device='cuda:0', grad_fn=<MeanBackward1>)
INFO:root:Loss L1 Img: tensor(0.0202, device='cuda:0', grad_fn=<MeanBackward0>)
INFO:root:Last LR: 0.0004
INFO:root:Epoch:   17
INFO:root:Loss TV Mask: tensor(0.0003, device='cuda:0', grad_fn=<MeanBackward1>)
INFO:root:Loss L1 Img: tensor(0.0157, device='cuda:0', grad_fn=<MeanBackward0>)
INFO:root:Last LR: 0.0004
INFO:root:Epoch:   18
INFO:root:Loss TV Mask: tensor(0.0002, device='cuda:0', grad_fn=<MeanBackward1>)
INFO:root:Loss L1 Img: tensor(0.0237, device='cuda:0', grad_fn=<MeanBackward0>)
INFO:root:Last LR: 0.0004
INFO:root:Epoch:   19
INFO:root:Loss TV Mask: tensor(0.0001, device='cuda:0', grad_fn=<MeanBackward1>)
INFO:root:Loss L1 Img: tensor(0.0155, device='cuda:0', grad_fn=<MeanBackward0>)
INFO:root:Last LR: 0.0004
INFO:root:Epoch:   20
INFO:root:Loss TV Mask: tensor(0.0002, device='cuda:0', grad_fn=<MeanBackward1>)
INFO:root:Loss L1 Img: tensor(0.0154, device='cuda:0', grad_fn=<MeanBackward0>)
INFO:root:Last LR: 0.0004
INFO:root:Epoch:   21
INFO:root:Loss TV Mask: tensor(0.0002, device='cuda:0', grad_fn=<MeanBackward1>)
INFO:root:Loss L1 Img: tensor(0.0270, device='cuda:0', grad_fn=<MeanBackward0>)
INFO:root:Last LR: 0.0004
INFO:root:Epoch:   22
INFO:root:Loss TV Mask: tensor(0.0001, device='cuda:0', grad_fn=<MeanBackward1>)
INFO:root:Loss L1 Img: tensor(0.0211, device='cuda:0', grad_fn=<MeanBackward0>)
INFO:root:Last LR: 0.0004
INFO:root:Epoch:   23
INFO:root:Loss TV Mask: tensor(0.0002, device='cuda:0', grad_fn=<MeanBackward1>)
INFO:root:Loss L1 Img: tensor(0.0207, device='cuda:0', grad_fn=<MeanBackward0>)
INFO:root:Last LR: 0.0004
INFO:root:Epoch:   24
INFO:root:Loss TV Mask: tensor(0.0001, device='cuda:0', grad_fn=<MeanBackward1>)
INFO:root:Loss L1 Img: tensor(0.0225, device='cuda:0', grad_fn=<MeanBackward0>)
INFO:root:Last LR: 0.0004
INFO:root:Epoch:   25
INFO:root:Loss TV Mask: tensor(6.1345e-05, device='cuda:0', grad_fn=<MeanBackward1>)
INFO:root:Loss L1 Img: tensor(0.0206, device='cuda:0', grad_fn=<MeanBackward0>)
INFO:root:Last LR: 0.0004
INFO:root:Eval Epoch: 25
INFO:root:Test Loss:  tensor(0.0170, device='cuda:0')
INFO:root:-----------------New Best----------------
INFO:root:Epoch:   26
INFO:root:Loss TV Mask: tensor(0.0002, device='cuda:0', grad_fn=<MeanBackward1>)
INFO:root:Loss L1 Img: tensor(0.0171, device='cuda:0', grad_fn=<MeanBackward0>)
INFO:root:Last LR: 0.0004
INFO:root:Epoch:   27
INFO:root:Loss TV Mask: tensor(0.0002, device='cuda:0', grad_fn=<MeanBackward1>)
INFO:root:Loss L1 Img: tensor(0.0181, device='cuda:0', grad_fn=<MeanBackward0>)
INFO:root:Last LR: 0.0004
INFO:root:Epoch:   28
INFO:root:Loss TV Mask: tensor(0.0003, device='cuda:0', grad_fn=<MeanBackward1>)
INFO:root:Loss L1 Img: tensor(0.0104, device='cuda:0', grad_fn=<MeanBackward0>)
INFO:root:Last LR: 0.0004
INFO:root:Epoch:   29
INFO:root:Loss TV Mask: tensor(9.8499e-05, device='cuda:0', grad_fn=<MeanBackward1>)
INFO:root:Loss L1 Img: tensor(0.0249, device='cuda:0', grad_fn=<MeanBackward0>)
INFO:root:Last LR: 0.0004
INFO:root:Epoch:   30
INFO:root:Loss TV Mask: tensor(6.7059e-05, device='cuda:0', grad_fn=<MeanBackward1>)
INFO:root:Loss L1 Img: tensor(0.0235, device='cuda:0', grad_fn=<MeanBackward0>)
INFO:root:Last LR: 0.0004
INFO:root:Epoch:   31
INFO:root:Loss TV Mask: tensor(0.0002, device='cuda:0', grad_fn=<MeanBackward1>)
INFO:root:Loss L1 Img: tensor(0.0149, device='cuda:0', grad_fn=<MeanBackward0>)
INFO:root:Last LR: 0.0004
INFO:root:Epoch:   32
INFO:root:Loss TV Mask: tensor(0.0002, device='cuda:0', grad_fn=<MeanBackward1>)
INFO:root:Loss L1 Img: tensor(0.0196, device='cuda:0', grad_fn=<MeanBackward0>)
INFO:root:Last LR: 0.0004
INFO:root:Epoch:   33
INFO:root:Loss TV Mask: tensor(3.7811e-05, device='cuda:0', grad_fn=<MeanBackward1>)
INFO:root:Loss L1 Img: tensor(0.0242, device='cuda:0', grad_fn=<MeanBackward0>)
INFO:root:Last LR: 0.0004
INFO:root:Epoch:   34
INFO:root:Loss TV Mask: tensor(0.0001, device='cuda:0', grad_fn=<MeanBackward1>)
INFO:root:Loss L1 Img: tensor(0.0145, device='cuda:0', grad_fn=<MeanBackward0>)
INFO:root:Last LR: 0.0004
INFO:root:Epoch:   35
INFO:root:Loss TV Mask: tensor(0.0001, device='cuda:0', grad_fn=<MeanBackward1>)
INFO:root:Loss L1 Img: tensor(0.0182, device='cuda:0', grad_fn=<MeanBackward0>)
INFO:root:Last LR: 0.0004
INFO:root:Epoch:   36
INFO:root:Loss TV Mask: tensor(0.0002, device='cuda:0', grad_fn=<MeanBackward1>)
INFO:root:Loss L1 Img: tensor(0.0237, device='cuda:0', grad_fn=<MeanBackward0>)
INFO:root:Last LR: 0.0004
INFO:root:Epoch:   37
INFO:root:Loss TV Mask: tensor(0.0002, device='cuda:0', grad_fn=<MeanBackward1>)
INFO:root:Loss L1 Img: tensor(0.0268, device='cuda:0', grad_fn=<MeanBackward0>)
INFO:root:Last LR: 0.0004
INFO:root:Epoch:   38
INFO:root:Loss TV Mask: tensor(0.0001, device='cuda:0', grad_fn=<MeanBackward1>)
INFO:root:Loss L1 Img: tensor(0.0184, device='cuda:0', grad_fn=<MeanBackward0>)
INFO:root:Last LR: 0.0004
INFO:root:Epoch:   39
INFO:root:Loss TV Mask: tensor(0.0002, device='cuda:0', grad_fn=<MeanBackward1>)
INFO:root:Loss L1 Img: tensor(0.0217, device='cuda:0', grad_fn=<MeanBackward0>)
INFO:root:Last LR: 0.0004
INFO:root:Epoch:   40
INFO:root:Loss TV Mask: tensor(0.0001, device='cuda:0', grad_fn=<MeanBackward1>)
INFO:root:Loss L1 Img: tensor(0.0228, device='cuda:0', grad_fn=<MeanBackward0>)
INFO:root:Last LR: 0.0004
INFO:root:Epoch:   41
INFO:root:Loss TV Mask: tensor(0.0001, device='cuda:0', grad_fn=<MeanBackward1>)
INFO:root:Loss L1 Img: tensor(0.0193, device='cuda:0', grad_fn=<MeanBackward0>)
INFO:root:Last LR: 0.0004
INFO:root:Epoch:   42
INFO:root:Loss TV Mask: tensor(0.0001, device='cuda:0', grad_fn=<MeanBackward1>)
INFO:root:Loss L1 Img: tensor(0.0139, device='cuda:0', grad_fn=<MeanBackward0>)
INFO:root:Last LR: 0.0004
INFO:root:Epoch:   43
INFO:root:Loss TV Mask: tensor(9.2080e-05, device='cuda:0', grad_fn=<MeanBackward1>)
INFO:root:Loss L1 Img: tensor(0.0232, device='cuda:0', grad_fn=<MeanBackward0>)
INFO:root:Last LR: 0.0004
INFO:root:Epoch:   44
INFO:root:Loss TV Mask: tensor(0.0001, device='cuda:0', grad_fn=<MeanBackward1>)
INFO:root:Loss L1 Img: tensor(0.0132, device='cuda:0', grad_fn=<MeanBackward0>)
INFO:root:Last LR: 0.0004
INFO:root:Epoch:   45
INFO:root:Loss TV Mask: tensor(7.8390e-05, device='cuda:0', grad_fn=<MeanBackward1>)
INFO:root:Loss L1 Img: tensor(0.0119, device='cuda:0', grad_fn=<MeanBackward0>)
INFO:root:Last LR: 0.0004
INFO:root:Epoch:   46
INFO:root:Loss TV Mask: tensor(0.0001, device='cuda:0', grad_fn=<MeanBackward1>)
INFO:root:Loss L1 Img: tensor(0.0169, device='cuda:0', grad_fn=<MeanBackward0>)
INFO:root:Last LR: 0.0004
