INFO:root:Total Parameters: 24651822
INFO:root:Number of Trainable Parameters: 24651822
INFO:root:Starting Test Loss: tensor(0.9687, device='cuda:0')
INFO:root:Epoch:   0
INFO:root:Loss TV Mask: tensor(0.0060, device='cuda:0', grad_fn=<MeanBackward1>)
INFO:root:Loss L1 Img: tensor(0.0303, device='cuda:0', grad_fn=<MeanBackward0>)
INFO:root:Last LR: 0.0004
INFO:root:Eval Epoch: 0
INFO:root:Test Loss:  tensor(0.0352, device='cuda:0')
INFO:root:-----------------New Best----------------
INFO:root:Epoch:   1
INFO:root:Loss TV Mask: tensor(0.0021, device='cuda:0', grad_fn=<MeanBackward1>)
INFO:root:Loss L1 Img: tensor(0.0266, device='cuda:0', grad_fn=<MeanBackward0>)
INFO:root:Last LR: 0.0004
INFO:root:Epoch:   2
INFO:root:Loss TV Mask: tensor(0.0004, device='cuda:0', grad_fn=<MeanBackward1>)
INFO:root:Loss L1 Img: tensor(0.0287, device='cuda:0', grad_fn=<MeanBackward0>)
INFO:root:Last LR: 0.0004
INFO:root:Epoch:   3
INFO:root:Loss TV Mask: tensor(9.5861e-05, device='cuda:0', grad_fn=<MeanBackward1>)
INFO:root:Loss L1 Img: tensor(0.0230, device='cuda:0', grad_fn=<MeanBackward0>)
INFO:root:Last LR: 0.0004
INFO:root:Epoch:   4
INFO:root:Loss TV Mask: tensor(8.9361e-05, device='cuda:0', grad_fn=<MeanBackward1>)
INFO:root:Loss L1 Img: tensor(0.0214, device='cuda:0', grad_fn=<MeanBackward0>)
INFO:root:Last LR: 0.0004
INFO:root:Epoch:   5
INFO:root:Loss TV Mask: tensor(7.0684e-05, device='cuda:0', grad_fn=<MeanBackward1>)
INFO:root:Loss L1 Img: tensor(0.0267, device='cuda:0', grad_fn=<MeanBackward0>)
INFO:root:Last LR: 0.0004
INFO:root:Epoch:   6
INFO:root:Loss TV Mask: tensor(7.2559e-05, device='cuda:0', grad_fn=<MeanBackward1>)
INFO:root:Loss L1 Img: tensor(0.0220, device='cuda:0', grad_fn=<MeanBackward0>)
INFO:root:Last LR: 0.0004
INFO:root:Epoch:   7
INFO:root:Loss TV Mask: tensor(6.4049e-05, device='cuda:0', grad_fn=<MeanBackward1>)
INFO:root:Loss L1 Img: tensor(0.0256, device='cuda:0', grad_fn=<MeanBackward0>)
INFO:root:Last LR: 0.0004
INFO:root:Epoch:   8
INFO:root:Loss TV Mask: tensor(7.4666e-05, device='cuda:0', grad_fn=<MeanBackward1>)
INFO:root:Loss L1 Img: tensor(0.0273, device='cuda:0', grad_fn=<MeanBackward0>)
INFO:root:Last LR: 0.0004
INFO:root:Epoch:   9
INFO:root:Loss TV Mask: tensor(6.0574e-05, device='cuda:0', grad_fn=<MeanBackward1>)
INFO:root:Loss L1 Img: tensor(0.0224, device='cuda:0', grad_fn=<MeanBackward0>)
INFO:root:Last LR: 0.0004
INFO:root:Epoch:   10
INFO:root:Loss TV Mask: tensor(6.4595e-05, device='cuda:0', grad_fn=<MeanBackward1>)
INFO:root:Loss L1 Img: tensor(0.0207, device='cuda:0', grad_fn=<MeanBackward0>)
INFO:root:Last LR: 0.0004
INFO:root:Epoch:   11
INFO:root:Loss TV Mask: tensor(0.0001, device='cuda:0', grad_fn=<MeanBackward1>)
INFO:root:Loss L1 Img: tensor(0.0182, device='cuda:0', grad_fn=<MeanBackward0>)
INFO:root:Last LR: 0.0004
INFO:root:Epoch:   12
INFO:root:Loss TV Mask: tensor(6.8676e-05, device='cuda:0', grad_fn=<MeanBackward1>)
INFO:root:Loss L1 Img: tensor(0.0250, device='cuda:0', grad_fn=<MeanBackward0>)
INFO:root:Last LR: 0.0004
INFO:root:Epoch:   13
INFO:root:Loss TV Mask: tensor(7.0842e-05, device='cuda:0', grad_fn=<MeanBackward1>)
INFO:root:Loss L1 Img: tensor(0.0201, device='cuda:0', grad_fn=<MeanBackward0>)
INFO:root:Last LR: 0.0004
INFO:root:Epoch:   14
INFO:root:Loss TV Mask: tensor(6.1864e-05, device='cuda:0', grad_fn=<MeanBackward1>)
INFO:root:Loss L1 Img: tensor(0.0176, device='cuda:0', grad_fn=<MeanBackward0>)
INFO:root:Last LR: 0.0004
INFO:root:Epoch:   15
INFO:root:Loss TV Mask: tensor(6.9131e-05, device='cuda:0', grad_fn=<MeanBackward1>)
INFO:root:Loss L1 Img: tensor(0.0189, device='cuda:0', grad_fn=<MeanBackward0>)
INFO:root:Last LR: 0.0004
INFO:root:Epoch:   16
INFO:root:Loss TV Mask: tensor(6.3029e-05, device='cuda:0', grad_fn=<MeanBackward1>)
INFO:root:Loss L1 Img: tensor(0.0243, device='cuda:0', grad_fn=<MeanBackward0>)
INFO:root:Last LR: 0.0004
